  Scene0.cpp
  Scene1.cpp
D:\GitHub\OpenGLComponentFramework\ComponentFramework22.4.0\ComponentFramework\Scene1.cpp(38,24): warning C4244: '=': conversion from 'int' to 'float', possible loss of data
D:\GitHub\OpenGLComponentFramework\ComponentFramework22.4.0\ComponentFramework\Scene1.cpp(49,19): warning C4244: '=': conversion from 'int' to 'float', possible loss of data
D:\GitHub\OpenGLComponentFramework\ComponentFramework22.4.0\ComponentFramework\Scene1.cpp(57,24): warning C4244: '=': conversion from 'int' to 'float', possible loss of data
D:\GitHub\OpenGLComponentFramework\ComponentFramework22.4.0\ComponentFramework\Scene1.cpp(67,19): warning C4244: '=': conversion from 'int' to 'float', possible loss of data
D:\GitHub\OpenGLComponentFramework\ComponentFramework22.4.0\ComponentFramework\Scene1.cpp(113,178): warning C4305: 'argument': truncation from 'double' to 'float'
D:\GitHub\OpenGLComponentFramework\ComponentFramework22.4.0\ComponentFramework\Scene1.cpp(116,184): warning C4305: 'argument': truncation from 'double' to 'float'
D:\GitHub\OpenGLComponentFramework\ComponentFramework22.4.0\ComponentFramework\Scene1.cpp(123,179): warning C4305: 'argument': truncation from 'double' to 'float'
D:\GitHub\OpenGLComponentFramework\ComponentFramework22.4.0\ComponentFramework\Scene1.cpp(126,185): warning C4305: 'argument': truncation from 'double' to 'float'
D:\GitHub\OpenGLComponentFramework\ComponentFramework22.4.0\ComponentFramework\Scene1.cpp(133,178): warning C4305: 'argument': truncation from 'double' to 'float'
D:\GitHub\OpenGLComponentFramework\ComponentFramework22.4.0\ComponentFramework\Scene1.cpp(136,184): warning C4305: 'argument': truncation from 'double' to 'float'
D:\GitHub\OpenGLComponentFramework\ComponentFramework22.4.0\ComponentFramework\Scene1.cpp(143,179): warning C4305: 'argument': truncation from 'double' to 'float'
D:\GitHub\OpenGLComponentFramework\ComponentFramework22.4.0\ComponentFramework\Scene1.cpp(146,185): warning C4305: 'argument': truncation from 'double' to 'float'
D:\GitHub\OpenGLComponentFramework\ComponentFramework22.4.0\ComponentFramework\Scene1.cpp(199,20): warning C4018: '<=': signed/unsigned mismatch
D:\GitHub\OpenGLComponentFramework\ComponentFramework22.4.0\ComponentFramework\Scene1.cpp(209,20): warning C4018: '<=': signed/unsigned mismatch
  Scene1v2.cpp
D:\GitHub\OpenGLComponentFramework\ComponentFramework22.4.0\ComponentFramework\Scene1v2.cpp(42,26): warning C4244: '=': conversion from 'float' to 'int', possible loss of data
D:\GitHub\OpenGLComponentFramework\ComponentFramework22.4.0\ComponentFramework\Scene1v2.cpp(42,24): warning C4244: '=': conversion from 'int' to 'float', possible loss of data
D:\GitHub\OpenGLComponentFramework\ComponentFramework22.4.0\ComponentFramework\Scene1v2.cpp(45,108): warning C4244: 'argument': conversion from 'double' to 'float', possible loss of data
D:\GitHub\OpenGLComponentFramework\ComponentFramework22.4.0\ComponentFramework\Scene1v2.cpp(45,95): warning C4244: 'argument': conversion from 'double' to 'float', possible loss of data
D:\GitHub\OpenGLComponentFramework\ComponentFramework22.4.0\ComponentFramework\Scene1v2.cpp(52,21): warning C4244: '=': conversion from 'float' to 'int', possible loss of data
D:\GitHub\OpenGLComponentFramework\ComponentFramework22.4.0\ComponentFramework\Scene1v2.cpp(52,19): warning C4244: '=': conversion from 'int' to 'float', possible loss of data
D:\GitHub\OpenGLComponentFramework\ComponentFramework22.4.0\ComponentFramework\Scene1v2.cpp(60,26): warning C4244: '=': conversion from 'float' to 'int', possible loss of data
D:\GitHub\OpenGLComponentFramework\ComponentFramework22.4.0\ComponentFramework\Scene1v2.cpp(60,24): warning C4244: '=': conversion from 'int' to 'float', possible loss of data
D:\GitHub\OpenGLComponentFramework\ComponentFramework22.4.0\ComponentFramework\Scene1v2.cpp(63,111): warning C4244: 'argument': conversion from 'double' to 'float', possible loss of data
D:\GitHub\OpenGLComponentFramework\ComponentFramework22.4.0\ComponentFramework\Scene1v2.cpp(63,99): warning C4244: 'argument': conversion from 'double' to 'float', possible loss of data
D:\GitHub\OpenGLComponentFramework\ComponentFramework22.4.0\ComponentFramework\Scene1v2.cpp(70,21): warning C4244: '=': conversion from 'float' to 'int', possible loss of data
D:\GitHub\OpenGLComponentFramework\ComponentFramework22.4.0\ComponentFramework\Scene1v2.cpp(70,19): warning C4244: '=': conversion from 'int' to 'float', possible loss of data
  Scene2.cpp
D:\GitHub\OpenGLComponentFramework\ComponentFramework22.4.0\ComponentFramework\Scene2.cpp(49,26): warning C4244: '=': conversion from 'float' to 'int', possible loss of data
D:\GitHub\OpenGLComponentFramework\ComponentFramework22.4.0\ComponentFramework\Scene2.cpp(49,24): warning C4244: '=': conversion from 'int' to 'float', possible loss of data
D:\GitHub\OpenGLComponentFramework\ComponentFramework22.4.0\ComponentFramework\Scene2.cpp(52,109): warning C4244: 'argument': conversion from 'double' to 'float', possible loss of data
D:\GitHub\OpenGLComponentFramework\ComponentFramework22.4.0\ComponentFramework\Scene2.cpp(52,96): warning C4244: 'argument': conversion from 'double' to 'float', possible loss of data
D:\GitHub\OpenGLComponentFramework\ComponentFramework22.4.0\ComponentFramework\Scene2.cpp(59,21): warning C4244: '=': conversion from 'float' to 'int', possible loss of data
D:\GitHub\OpenGLComponentFramework\ComponentFramework22.4.0\ComponentFramework\Scene2.cpp(59,19): warning C4244: '=': conversion from 'int' to 'float', possible loss of data
D:\GitHub\OpenGLComponentFramework\ComponentFramework22.4.0\ComponentFramework\Scene2.cpp(67,26): warning C4244: '=': conversion from 'float' to 'int', possible loss of data
D:\GitHub\OpenGLComponentFramework\ComponentFramework22.4.0\ComponentFramework\Scene2.cpp(67,24): warning C4244: '=': conversion from 'int' to 'float', possible loss of data
D:\GitHub\OpenGLComponentFramework\ComponentFramework22.4.0\ComponentFramework\Scene2.cpp(70,112): warning C4244: 'argument': conversion from 'double' to 'float', possible loss of data
D:\GitHub\OpenGLComponentFramework\ComponentFramework22.4.0\ComponentFramework\Scene2.cpp(70,100): warning C4244: 'argument': conversion from 'double' to 'float', possible loss of data
D:\GitHub\OpenGLComponentFramework\ComponentFramework22.4.0\ComponentFramework\Scene2.cpp(77,21): warning C4244: '=': conversion from 'float' to 'int', possible loss of data
D:\GitHub\OpenGLComponentFramework\ComponentFramework22.4.0\ComponentFramework\Scene2.cpp(77,19): warning C4244: '=': conversion from 'int' to 'float', possible loss of data
  SceneManager.cpp
  Generating Code...
  ComponentFramework.vcxproj -> D:\GitHub\OpenGLComponentFramework\ComponentFramework22.4.0\Debug\ComponentFramework.exe
